[2022-09-15 10:51:05] ------------------------------------
[2022-09-15 10:51:05] Protocol Name = 'Standard Dynamics Cascade'
[2022-09-15 10:51:05] User Name = '16606'
[2022-09-15 10:51:05] Run ID = 'EF5C53B8-F71B-4A17-86B3-90406983AEC2'
[2022-09-15 10:51:05] No periodic boundary condition defined.  Turning constant pressure off. Production Type changed from NPT to NVT.
[2022-09-15 10:51:06] Client message: 'Step 1/5: Minimization_1'
[2022-09-15 10:51:06] Client message: 'Generating CHARMm Script...'
[2022-09-15 10:51:07] Client message: 'CHARMm minimization...'
[2022-09-15 10:51:07] Started running 'RunCHARMm'
[2022-09-15 10:51:07] Finished running 'RunCHARMm'
[2022-09-15 10:51:08] Client message: 'Processing CHARMm output...'
[2022-09-15 10:51:08] Client message: 'Step 2/5: Minimization_2'
[2022-09-15 10:51:09] Client message: 'Generating CHARMm Script...'
[2022-09-15 10:51:09] Client message: 'CHARMm minimization...'
[2022-09-15 10:51:09] Started running 'RunCHARMm'
[2022-09-15 10:52:21] Finished running 'RunCHARMm'
[2022-09-15 10:52:21] Client message: 'Processing CHARMm output...'
[2022-09-15 10:52:22] Client message: 'Step 3/5: Heating'
[2022-09-15 10:52:22] Client message: 'Generating CHARMm Script...'
[2022-09-15 10:52:23] Client message: 'CHARMm heating...'
[2022-09-15 10:52:23] Started running 'RunCHARMm'
[2022-09-15 10:52:38] Finished running 'RunCHARMm'
[2022-09-15 10:52:39] Client message: 'Processing CHARMm output...'
[2022-09-15 10:52:39] Client message: 'Step 4/5: Equilibration'
[2022-09-15 10:52:40] Client message: 'Generating CHARMm Script...'
[2022-09-15 10:52:40] Client message: 'CHARMm equilibration...'
[2022-09-15 10:52:40] Started running 'RunCHARMm'
[2022-09-15 10:53:14] Finished running 'RunCHARMm'
[2022-09-15 10:53:14] Client message: 'Processing CHARMm output...'
[2022-09-15 10:53:15] Client message: 'Step 5/5: Production'
[2022-09-15 10:53:16] Client message: 'Generating CHARMm Script...'
[2022-09-15 10:53:16] Client message: 'CHARMm production...'
[2022-09-15 10:53:16] Started running 'RunCHARMm'
[2022-09-15 10:53:23] Client message: '20%: -2178.06 kcal/mol'
[2022-09-15 10:53:29] Client message: '40%: -2187.11 kcal/mol'
[2022-09-15 10:53:35] Client message: '60%: -2187.67 kcal/mol'
[2022-09-15 10:53:41] Client message: '80%: -2183.39 kcal/mol'
[2022-09-15 10:53:48] Finished running 'RunCHARMm'
[2022-09-15 10:53:48] Client message: 'Processing CHARMm output...'
[2022-09-15 10:53:49] Client message: 'Updating input file...'
[2022-09-15 10:53:49] Started running 'UpdateMSVwithDCD'
[2022-09-15 10:53:50] Finished running 'UpdateMSVwithDCD'
[2022-09-15 10:53:51] Final message: '-2190.20686 kcal/mol: 1YRF'
